<?xml version="1.0" encoding="UTF-8"?>
<testng-results ignored="0" total="1" passed="1" failed="0" skipped="0">
  <reporter-output>
  </reporter-output>
  <suite started-at="2023-08-23T11:30:50 IST" name="Default suite" finished-at="2023-08-23T11:31:07 IST" duration-ms="16746">
    <groups>
    </groups>
    <test started-at="2023-08-23T11:30:50 IST" name="Default test" finished-at="2023-08-23T11:31:07 IST" duration-ms="16746">
      <class name="homeTest.Gmail2Test">
        <test-method is-config="true" signature="bsConfig()[pri:0, instance:homeTest.Gmail2Test@5a45133e]" started-at="2023-08-23T11:30:50 IST" name="bsConfig" finished-at="2023-08-23T11:30:50 IST" duration-ms="8" status="PASS">
          <reporter-output>
          </reporter-output>
        </test-method> <!-- bsConfig -->
        <test-method is-config="true" signature="btConfig()[pri:0, instance:homeTest.Gmail2Test@5a45133e]" started-at="2023-08-23T11:30:50 IST" name="btConfig" finished-at="2023-08-23T11:30:50 IST" duration-ms="1" status="PASS">
          <reporter-output>
          </reporter-output>
        </test-method> <!-- btConfig -->
        <test-method is-config="true" signature="bcConfig()[pri:0, instance:homeTest.Gmail2Test@5a45133e]" started-at="2023-08-23T11:30:50 IST" name="bcConfig" finished-at="2023-08-23T11:31:00 IST" duration-ms="9973" status="PASS">
          <reporter-output>
          </reporter-output>
        </test-method> <!-- bcConfig -->
        <test-method is-config="true" signature="bmConfig()[pri:0, instance:homeTest.Gmail2Test@5a45133e]" started-at="2023-08-23T11:31:00 IST" name="bmConfig" finished-at="2023-08-23T11:31:01 IST" duration-ms="622" status="PASS">
          <reporter-output>
          </reporter-output>
        </test-method> <!-- bmConfig -->
        <test-method signature="demo1Test()[pri:0, instance:homeTest.Gmail2Test@5a45133e]" started-at="2023-08-23T11:31:01 IST" name="demo1Test" finished-at="2023-08-23T11:31:01 IST" duration-ms="8" status="PASS">
          <reporter-output>
          </reporter-output>
        </test-method> <!-- demo1Test -->
        <test-method is-config="true" signature="amConfig()[pri:0, instance:homeTest.Gmail2Test@5a45133e]" started-at="2023-08-23T11:31:01 IST" name="amConfig" finished-at="2023-08-23T11:31:06 IST" duration-ms="5457" status="PASS">
          <reporter-output>
          </reporter-output>
        </test-method> <!-- amConfig -->
        <test-method is-config="true" signature="acConfig()[pri:0, instance:homeTest.Gmail2Test@5a45133e]" started-at="2023-08-23T11:31:06 IST" name="acConfig" finished-at="2023-08-23T11:31:07 IST" duration-ms="642" status="PASS">
          <reporter-output>
          </reporter-output>
        </test-method> <!-- acConfig -->
        <test-method is-config="true" signature="atConfig()[pri:0, instance:homeTest.Gmail2Test@5a45133e]" started-at="2023-08-23T11:31:07 IST" name="atConfig" finished-at="2023-08-23T11:31:07 IST" duration-ms="0" status="PASS">
          <reporter-output>
          </reporter-output>
        </test-method> <!-- atConfig -->
        <test-method is-config="true" signature="asConfig()[pri:0, instance:homeTest.Gmail2Test@5a45133e]" started-at="2023-08-23T11:31:07 IST" name="asConfig" finished-at="2023-08-23T11:31:07 IST" duration-ms="0" status="PASS">
          <reporter-output>
          </reporter-output>
        </test-method> <!-- asConfig -->
      </class> <!-- homeTest.Gmail2Test -->
    </test> <!-- Default test -->
  </suite> <!-- Default suite -->
</testng-results>
